<?xml version="1.0" encoding="UTF-8"?>
<!-- Generated by org.testng.reporters.JUnitReportReporter -->
<testsuite hostname="LAPTOP-3P7NCRHN" failures="0" tests="1" name="Test.cases.SerachTestCase" time="2.915" errors="0" timestamp="2025-06-11T21:55:53 WEST" skipped="0">
  <testcase classname="Test.cases.SerachTestCase" name="searchCourseTesr" time="2.915"/>
</testsuite> <!-- Test.cases.SerachTestCase -->
