<?xml version="1.0" encoding="UTF-8"?>
<!-- Generated by org.testng.reporters.JUnitReportReporter -->
<testsuite hostname="LAPTOP-3P7NCRHN" failures="0" tests="1" name="Test.cases.PaymentTestCase" time="9.786" errors="0" timestamp="2025-06-13T18:58:37 WEST" skipped="0">
  <testcase classname="Test.cases.PaymentTestCase" name="testcourses" time="9.786"/>
</testsuite> <!-- Test.cases.PaymentTestCase -->
