<?xml version="1.0" encoding="UTF-8"?>
<!-- Generated by org.testng.reporters.JUnitReportReporter -->
<testsuite hostname="LAPTOP-3P7NCRHN" failures="0" tests="1" name="Test.cases.LoginTestDrivenData" time="8.503" errors="0" timestamp="2025-06-11T21:08:29 WEST" skipped="0">
  <testcase classname="Test.cases.LoginTestDrivenData" name="VerifyLogin" time="8.503"/>
</testsuite> <!-- Test.cases.LoginTestDrivenData -->
