<?xml version="1.0" encoding="UTF-8"?>
<!-- Generated by org.testng.reporters.JUnitReportReporter -->
<testsuite hostname="LAPTOP-3P7NCRHN" failures="0" tests="1" name="Test.cases.DashboardTestCase" time="9.391" errors="0" timestamp="2025-06-12T19:09:32 WEST" skipped="0">
  <testcase classname="Test.cases.DashboardTestCase" name="testcourses" time="9.391"/>
</testsuite> <!-- Test.cases.DashboardTestCase -->
