<?xml version="1.0" encoding="UTF-8"?>
<!-- Generated by org.testng.reporters.JUnitReportReporter -->
<testsuite hostname="LAPTOP-3P7NCRHN" failures="0" tests="1" name="Test.cases.PaymentTestCase" time="11.495" errors="0" timestamp="2025-06-13T19:13:21 WEST" skipped="0">
  <testcase classname="Test.cases.PaymentTestCase" name="testcourses" time="11.495"/>
</testsuite> <!-- Test.cases.PaymentTestCase -->
