<?xml version="1.0" encoding="UTF-8"?>
<!-- Generated by org.testng.reporters.JUnitReportReporter -->
<testsuite hostname="LAPTOP-3P7NCRHN" failures="0" tests="1" name="Test.cases.TestCaseDemo" time="7.974" errors="0" timestamp="2025-06-09T15:54:51 WEST" skipped="0">
  <testcase classname="Test.cases.TestCaseDemo" name="testcheck" time="7.974"/>
</testsuite> <!-- Test.cases.TestCaseDemo -->
